#
# A fatal error has been detected by the Java Runtime Environment:
#
#  SIGSEGV (0xb) at pc=0x000000010c846290, pid=4278, tid=0x0000000000003d03
#
# JRE version: OpenJDK Runtime Environment (8.0_242) (build 1.8.0_242-release-1644-b3-6222593)
# Java VM: OpenJDK 64-Bit Server VM (25.242-b3-6222593 mixed mode bsd-amd64 compressed oops)
# Problematic frame:
# V  [libjvm.dylib+0x446290]
#
# Failed to write core dump. Core dumps have been disabled. To enable core dumping, try "ulimit -c unlimited" before starting Java again
#
# If you would like to submit a bug report, please visit:
#   http://bugreport.java.com/bugreport/crash.jsp
#

---------------  T H R E A D  ---------------

Current thread (0x00007fa51303a800):  JavaThread "C2 CompilerThread1" daemon [_thread_in_native, id=15619, stack(0x000070000ed42000,0x000070000ee42000)]

siginfo: si_signo: 11 (SIGSEGV), si_code: 1 (SEGV_MAPERR), si_addr: 0x0000000000000050

Registers:
RAX=0x00007fa5196af260, RBX=0x00007fa513610170, RCX=0x0000000000000000, RDX=0x0000000000000000
RSP=0x000070000ee3e920, RBP=0x000070000ee3e920, RSI=0x000000000000000a, RDI=0x00007fa513610180
R8 =0x0000000000000026, R9 =0x00007fa51874c270, R10=0x0000000000000000, R11=0x0000000000000840
R12=0x00007fa513610170, R13=0x000070000ee40368, R14=0x00007fa513610170, R15=0x00007fa51bcb2240
RIP=0x000000010c846290, EFLAGS=0x0000000000010212, ERR=0x0000000000000006
  TRAPNO=0x000000000000000e

Top of Stack: (sp=0x000070000ee3e920)
0x000070000ee3e920:   000070000ee3e940 000000010c4c5b9f
0x000070000ee3e930:   00007fa51a546010 00007fa513610170
0x000070000ee3e940:   000070000ee3e990 000000010c889fbb
0x000070000ee3e950:   000070000ee3e9a0 00007fa51874c270
0x000070000ee3e960:   00007fa51874c2b0 00007fa51bcb2240
0x000070000ee3e970:   00007fa513610170 00007fa51874c270
0x000070000ee3e980:   0000000000000000 000070000ee40368
0x000070000ee3e990:   000070000ee3e9e0 000000010c88a0e1
0x000070000ee3e9a0:   00007fa51874c2b0 00007fa51bcb2240
0x000070000ee3e9b0:   0000000000000000 0000000000000004
0x000070000ee3e9c0:   00007fa51bcb2240 000070000ee40368
0x000070000ee3e9d0:   0000000000000019 000000000000038c
0x000070000ee3e9e0:   000070000ee3eb00 000000010c88bdc3
0x000070000ee3e9f0:   0000000000003fba 00007fa511e1e5f0
0x000070000ee3ea00:   00007fa512cc0600 00007fa512cc0750
0x000070000ee3ea10:   00007fa512cc85e8 000000000033e7c0
0x000070000ee3ea20:   000000200000001c 0000000000000000
0x000070000ee3ea30:   00007fa500000007 00007fa516b62050
0x000070000ee3ea40:   0000000000000000 0000000000000000
0x000070000ee3ea50:   0000000000000000 0000000000000000
0x000070000ee3ea60:   0000000000000000 00007fa51bcb2240
0x000070000ee3ea70:   00000000000000de 00007fa512cc4270
0x000070000ee3ea80:   00007fa512cc0750 00007fa51bcb2240
0x000070000ee3ea90:   00000000000000c9 000000000000038c
0x000070000ee3eaa0:   000070000ee40368 0000000000000019
0x000070000ee3eab0:   00007fa513610170 00007fa512cca0f8
0x000070000ee3eac0:   000000040019e390 00007fa51874c2b0
0x000070000ee3ead0:   00007fa51874c270 000070000ee3ec98
0x000070000ee3eae0:   000070000ee40450 000070000ee40368
0x000070000ee3eaf0:   000070000ee40450 000070000ee3ebd0
0x000070000ee3eb00:   000070000ee3ed30 000000010c545275
0x000070000ee3eb10:   000000010cbe7500 000000000000000d 

Instructions: (pc=0x000000010c846290)
0x000000010c846270:   8b 4f 08 89 f2 f7 d2 01 ca 74 28 41 89 d0 89 f2
0x000000010c846280:   48 8d 14 d0 ff c6 48 8d 04 f0 31 f6 48 8b 0c f0
0x000000010c846290:   48 89 0c f2 48 ff c6 49 39 f0 75 f0 48 8b 47 10
0x000000010c8462a0:   8b 4f 08 ff c9 48 c7 04 c8 00 00 00 00 5d c3 90 

Register to memory mapping:

RAX=0x00007fa5196af260 is an unknown value
RBX=0x00007fa513610170 is an unknown value
RCX=0x0000000000000000 is an unknown value
RDX=0x0000000000000000 is an unknown value
RSP=0x000070000ee3e920 is pointing into the stack for thread: 0x00007fa51303a800
RBP=0x000070000ee3e920 is pointing into the stack for thread: 0x00007fa51303a800
RSI=0x000000000000000a is an unknown value
RDI=0x00007fa513610180 is an unknown value
R8 =0x0000000000000026 is an unknown value
R9 =0x00007fa51874c270 is an unknown value
R10=0x0000000000000000 is an unknown value
R11=0x0000000000000840 is an unknown value
R12=0x00007fa513610170 is an unknown value
R13=0x000070000ee40368 is pointing into the stack for thread: 0x00007fa51303a800
R14=0x00007fa513610170 is an unknown value
R15=0x00007fa51bcb2240 is an unknown value


Stack: [0x000070000ed42000,0x000070000ee42000],  sp=0x000070000ee3e920,  free space=1010k
Native frames: (J=compiled Java code, j=interpreted, Vv=VM code, C=native code)
V  [libjvm.dylib+0x446290]
V  [libjvm.dylib+0xc5b9f]
V  [libjvm.dylib+0x489fbb]
V  [libjvm.dylib+0x48a0e1]
V  [libjvm.dylib+0x48bdc3]
V  [libjvm.dylib+0x145275]
V  [libjvm.dylib+0x199230]
V  [libjvm.dylib+0x197cb7]
V  [libjvm.dylib+0x136b98]
V  [libjvm.dylib+0x1a3372]
V  [libjvm.dylib+0x1a2882]
V  [libjvm.dylib+0x527e84]
V  [libjvm.dylib+0x527d49]
V  [libjvm.dylib+0x45b9eb]
C  [libsystem_pthread.dylib+0x6109]  _pthread_start+0x94
C  [libsystem_pthread.dylib+0x1b8b]  thread_start+0xf
C  0x0000000000000000


Current CompileTask:
C2:   9124 2369       4       java.net.URLClassLoader$1::run (5 bytes)


---------------  P R O C E S S  ---------------

Java Threads: ( => current thread )
  0x00007fa513aa7800 JavaThread "Cache worker for execution history cache (/Users/romaincrispini/.gradle/caches/6.1.1/executionHistory)" [_thread_blocked, id=26627, stack(0x0000700010384000,0x0000700010484000)]
  0x00007fa513aa7000 JavaThread "Cache worker for cache directory md-rule (/Users/romaincrispini/.gradle/caches/6.1.1/md-rule)" [_thread_blocked, id=26115, stack(0x0000700010281000,0x0000700010381000)]
  0x00007fa513fff000 JavaThread "Cache worker for cache directory md-supplier (/Users/romaincrispini/.gradle/caches/6.1.1/md-supplier)" [_thread_blocked, id=25859, stack(0x000070001017e000,0x000070001027e000)]
  0x00007fa517965000 JavaThread "Cache worker for file hash cache (/Users/romaincrispini/Desktop/CellarV1.12/.gradle/6.1.1/fileHashes)" [_thread_blocked, id=40195, stack(0x000070001007b000,0x000070001017b000)]
  0x00007fa513e79000 JavaThread "Cache worker for checksums cache (/Users/romaincrispini/Desktop/CellarV1.12/.gradle/checksums)" [_thread_blocked, id=40451, stack(0x000070000ff78000,0x0000700010078000)]
  0x00007fa512641000 JavaThread "Cache worker for file hash cache (/Users/romaincrispini/.gradle/caches/6.1.1/fileHashes)" [_thread_blocked, id=25347, stack(0x000070000fe75000,0x000070000ff75000)]
  0x00007fa513a11800 JavaThread "File lock request listener" [_thread_in_native, id=25091, stack(0x000070000fd72000,0x000070000fe72000)]
  0x00007fa513a05000 JavaThread "Cache worker for journal cache (/Users/romaincrispini/.gradle/caches/journal-1)" [_thread_blocked, id=41219, stack(0x000070000fc6f000,0x000070000fd6f000)]
  0x00007fa51263e800 JavaThread "Thread-9" [_thread_blocked, id=41475, stack(0x000070000fb6c000,0x000070000fc6c000)]
  0x00007fa513870000 JavaThread "Stdin handler" [_thread_blocked, id=24323, stack(0x000070000fa69000,0x000070000fb69000)]
  0x00007fa51290e800 JavaThread "Asynchronous log dispatcher for DefaultDaemonConnection: socket connection from /127.0.0.1:55288 to /127.0.0.1:55289" [_thread_blocked, id=24067, stack(0x000070000f966000,0x000070000fa66000)]
  0x00007fa51258c000 JavaThread "Daemon worker" [_thread_in_Java, id=42499, stack(0x000070000f863000,0x000070000f963000)]
  0x00007fa512928000 JavaThread "Cancel handler" [_thread_blocked, id=23555, stack(0x000070000f760000,0x000070000f860000)]
  0x00007fa51291f000 JavaThread "Handler for socket connection from /127.0.0.1:55288 to /127.0.0.1:55289" [_thread_in_native, id=23299, stack(0x000070000f65d000,0x000070000f75d000)]
  0x00007fa513876800 JavaThread "Daemon" [_thread_blocked, id=43267, stack(0x000070000f55a000,0x000070000f65a000)]
  0x00007fa51385f800 JavaThread "Daemon periodic checks" [_thread_blocked, id=22787, stack(0x000070000f457000,0x000070000f557000)]
  0x00007fa512110800 JavaThread "Incoming local TCP Connector on port 55288" [_thread_in_native, id=22275, stack(0x000070000f354000,0x000070000f454000)]
  0x00007fa5133f8000 JavaThread "Daemon health stats" [_thread_blocked, id=21763, stack(0x000070000f251000,0x000070000f351000)]
  0x00007fa51306a000 JavaThread "Service Thread" daemon [_thread_blocked, id=15875, stack(0x000070000f04b000,0x000070000f14b000)]
  0x00007fa513049800 JavaThread "C1 CompilerThread3" daemon [_thread_blocked, id=17155, stack(0x000070000ef48000,0x000070000f048000)]
  0x00007fa513040800 JavaThread "C2 CompilerThread2" daemon [_thread_blocked, id=17667, stack(0x000070000ee45000,0x000070000ef45000)]
=>0x00007fa51303a800 JavaThread "C2 CompilerThread1" daemon [_thread_in_native, id=15619, stack(0x000070000ed42000,0x000070000ee42000)]
  0x00007fa51200d800 JavaThread "C2 CompilerThread0" daemon [_thread_in_native, id=15107, stack(0x000070000ec3f000,0x000070000ed3f000)]
  0x00007fa512011800 JavaThread "Signal Dispatcher" daemon [_thread_blocked, id=14851, stack(0x000070000eb3c000,0x000070000ec3c000)]
  0x00007fa512811800 JavaThread "Finalizer" daemon [_thread_blocked, id=19971, stack(0x000070000e933000,0x000070000ea33000)]
  0x00007fa512809000 JavaThread "Reference Handler" daemon [_thread_blocked, id=12547, stack(0x000070000e830000,0x000070000e930000)]
  0x00007fa513009000 JavaThread "main" [_thread_blocked, id=3843, stack(0x000070000de12000,0x000070000df12000)]

Other Threads:
  0x00007fa513022800 VMThread [stack: 0x000070000e72d000,0x000070000e82d000] [id=20739]
  0x00007fa51306b000 WatcherThread [stack: 0x000070000f14e000,0x000070000f24e000] [id=16387]

VM state:not at safepoint (normal execution)

VM Mutex/Monitor currently owned by a thread: None

heap address: 0x0000000760000000, size: 1536 MB, Compressed Oops mode: Zero based, Oop shift amount: 3
Narrow klass base: 0x0000000000000000, Narrow klass shift: 3
Compressed class space size: 1073741824 Address: 0x00000007c0000000

Heap:
 PSYoungGen      total 108032K, used 74656K [0x00000007a0000000, 0x00000007a9680000, 0x00000007c0000000)
  eden space 99328K, 66% used [0x00000007a0000000,0x00000007a40e4af0,0x00000007a6100000)
  from space 8704K, 94% used [0x00000007a8e00000,0x00000007a96036d8,0x00000007a9680000)
  to   space 12288K, 0% used [0x00000007a7e80000,0x00000007a7e80000,0x00000007a8a80000)
 ParOldGen       total 67072K, used 10966K [0x0000000760000000, 0x0000000764180000, 0x00000007a0000000)
  object space 67072K, 16% used [0x0000000760000000,0x0000000760ab5a00,0x0000000764180000)
 Metaspace       used 34300K, capacity 35184K, committed 35376K, reserved 1079296K
  class space    used 4547K, capacity 4805K, committed 4912K, reserved 1048576K

Card table byte_map: [0x000000010d678000,0x000000010d979000] byte_map_base: 0x0000000109b78000

Marking Bits: (ParMarkBitMap*) 0x000000010cc273f8
 Begin Bits: [0x000000010db79000, 0x000000010f379000)
 End Bits:   [0x000000010f379000, 0x0000000110b79000)

Polling page: 0x000000010b370000

CodeCache: size=245760Kb used=10619Kb max_used=10629Kb free=235140Kb
 bounds [0x000000011ae99000, 0x000000011b909000, 0x0000000129e99000]
 total_blobs=3394 nmethods=2687 adapters=620
 compilation: enabled

Compilation events (10 events):
Event: 9.063 Thread 0x00007fa513049800 2683       3       org.codehaus.groovy.util.AbstractConcurrentMap$Segment::get (119 bytes)
Event: 9.064 Thread 0x00007fa513049800 nmethod 2683 0x000000011b8f4850 code [0x000000011b8f4a80, 0x000000011b8f5a98]
Event: 9.064 Thread 0x00007fa513049800 2685       3       org.codehaus.groovy.ast.ClassHelper::makeWithoutCaching (47 bytes)
Event: 9.065 Thread 0x00007fa513049800 nmethod 2685 0x000000011b8f5fd0 code [0x000000011b8f61c0, 0x000000011b8f6a18]
Event: 9.065 Thread 0x00007fa513049800 2684       3       org.codehaus.groovy.vmplugin.v5.Java5::makeClassNode (58 bytes)
Event: 9.066 Thread 0x00007fa513049800 nmethod 2684 0x000000011b8f6d10 code [0x000000011b8f6f20, 0x000000011b8f7a48]
Event: 9.066 Thread 0x00007fa513049800 2682       1       org.codehaus.groovy.ast.ClassNode::getUnresolvedName (5 bytes)
Event: 9.067 Thread 0x00007fa513049800 nmethod 2682 0x000000011b8f7e90 code [0x000000011b8f7fe0, 0x000000011b8f80f0]
Event: 9.067 Thread 0x00007fa513049800 2686       3       org.codehaus.groovy.ast.stmt.Statement::<init> (10 bytes)
Event: 9.067 Thread 0x00007fa513049800 nmethod 2686 0x000000011b8f8150 code [0x000000011b8f82c0, 0x000000011b8f8510]

GC Heap History (10 events):
Event: 1.476 GC heap before
{Heap before GC invocations=3 (full 0):
 PSYoungGen      total 38400K, used 37341K [0x00000007a0000000, 0x00000007a4b00000, 0x00000007c0000000)
  eden space 33280K, 100% used [0x00000007a0000000,0x00000007a2080000,0x00000007a2080000)
  from space 5120K, 79% used [0x00000007a2580000,0x00000007a2977760,0x00000007a2a80000)
  to   space 5120K, 0% used [0x00000007a2080000,0x00000007a2080000,0x00000007a2580000)
 ParOldGen       total 87552K, used 24K [0x0000000760000000, 0x0000000765580000, 0x00000007a0000000)
  object space 87552K, 0% used [0x0000000760000000,0x0000000760006000,0x0000000765580000)
 Metaspace       used 12632K, capacity 13064K, committed 13184K, reserved 1060864K
  class space    used 1728K, capacity 1856K, committed 1920K, reserved 1048576K
Event: 1.486 GC heap after
Heap after GC invocations=3 (full 0):
 PSYoungGen      total 38400K, used 5117K [0x00000007a0000000, 0x00000007a4b00000, 0x00000007c0000000)
  eden space 33280K, 0% used [0x00000007a0000000,0x00000007a0000000,0x00000007a2080000)
  from space 5120K, 99% used [0x00000007a2080000,0x00000007a257f430,0x00000007a2580000)
  to   space 5120K, 0% used [0x00000007a4600000,0x00000007a4600000,0x00000007a4b00000)
 ParOldGen       total 87552K, used 1803K [0x0000000760000000, 0x0000000765580000, 0x00000007a0000000)
  object space 87552K, 2% used [0x0000000760000000,0x00000007601c2eb8,0x0000000765580000)
 Metaspace       used 12632K, capacity 13064K, committed 13184K, reserved 1060864K
  class space    used 1728K, capacity 1856K, committed 1920K, reserved 1048576K
}
Event: 1.985 GC heap before
{Heap before GC invocations=4 (full 0):
 PSYoungGen      total 38400K, used 38397K [0x00000007a0000000, 0x00000007a4b00000, 0x00000007c0000000)
  eden space 33280K, 100% used [0x00000007a0000000,0x00000007a2080000,0x00000007a2080000)
  from space 5120K, 99% used [0x00000007a2080000,0x00000007a257f430,0x00000007a2580000)
  to   space 5120K, 0% used [0x00000007a4600000,0x00000007a4600000,0x00000007a4b00000)
 ParOldGen       total 87552K, used 1803K [0x0000000760000000, 0x0000000765580000, 0x00000007a0000000)
  object space 87552K, 2% used [0x0000000760000000,0x00000007601c2eb8,0x0000000765580000)
 Metaspace       used 15625K, capacity 16150K, committed 16384K, reserved 1062912K
  class space    used 2120K, capacity 2287K, committed 2304K, reserved 1048576K
Event: 1.998 GC heap after
Heap after GC invocations=4 (full 0):
 PSYoungGen      total 71680K, used 5088K [0x00000007a0000000, 0x00000007a4b00000, 0x00000007c0000000)
  eden space 66560K, 0% used [0x00000007a0000000,0x00000007a0000000,0x00000007a4100000)
  from space 5120K, 99% used [0x00000007a4600000,0x00000007a4af8020,0x00000007a4b00000)
  to   space 5120K, 0% used [0x00000007a4100000,0x00000007a4100000,0x00000007a4600000)
 ParOldGen       total 87552K, used 4420K [0x0000000760000000, 0x0000000765580000, 0x00000007a0000000)
  object space 87552K, 5% used [0x0000000760000000,0x0000000760451350,0x0000000765580000)
 Metaspace       used 15625K, capacity 16150K, committed 16384K, reserved 1062912K
  class space    used 2120K, capacity 2287K, committed 2304K, reserved 1048576K
}
Event: 4.137 GC heap before
{Heap before GC invocations=5 (full 0):
 PSYoungGen      total 71680K, used 62316K [0x00000007a0000000, 0x00000007a4b00000, 0x00000007c0000000)
  eden space 66560K, 85% used [0x00000007a0000000,0x00000007a37e32b0,0x00000007a4100000)
  from space 5120K, 99% used [0x00000007a4600000,0x00000007a4af8020,0x00000007a4b00000)
  to   space 5120K, 0% used [0x00000007a4100000,0x00000007a4100000,0x00000007a4600000)
 ParOldGen       total 87552K, used 4420K [0x0000000760000000, 0x0000000765580000, 0x00000007a0000000)
  object space 87552K, 5% used [0x0000000760000000,0x0000000760451350,0x0000000765580000)
 Metaspace       used 20482K, capacity 21228K, committed 21296K, reserved 1067008K
  class space    used 2875K, capacity 3096K, committed 3120K, reserved 1048576K
Event: 4.168 GC heap after
Heap after GC invocations=5 (full 0):
 PSYoungGen      total 71680K, used 5088K [0x00000007a0000000, 0x00000007a9a00000, 0x00000007c0000000)
  eden space 66560K, 0% used [0x00000007a0000000,0x00000007a0000000,0x00000007a4100000)
  from space 5120K, 99% used [0x00000007a4100000,0x00000007a45f8040,0x00000007a4600000)
  to   space 12288K, 0% used [0x00000007a8e00000,0x00000007a8e00000,0x00000007a9a00000)
 ParOldGen       total 87552K, used 10601K [0x0000000760000000, 0x0000000765580000, 0x00000007a0000000)
  object space 87552K, 12% used [0x0000000760000000,0x0000000760a5a6b8,0x0000000765580000)
 Metaspace       used 20482K, capacity 21228K, committed 21296K, reserved 1067008K
  class space    used 2875K, capacity 3096K, committed 3120K, reserved 1048576K
}
Event: 4.168 GC heap before
{Heap before GC invocations=6 (full 1):
 PSYoungGen      total 71680K, used 5088K [0x00000007a0000000, 0x00000007a9a00000, 0x00000007c0000000)
  eden space 66560K, 0% used [0x00000007a0000000,0x00000007a0000000,0x00000007a4100000)
  from space 5120K, 99% used [0x00000007a4100000,0x00000007a45f8040,0x00000007a4600000)
  to   space 12288K, 0% used [0x00000007a8e00000,0x00000007a8e00000,0x00000007a9a00000)
 ParOldGen       total 87552K, used 10601K [0x0000000760000000, 0x0000000765580000, 0x00000007a0000000)
  object space 87552K, 12% used [0x0000000760000000,0x0000000760a5a6b8,0x0000000765580000)
 Metaspace       used 20482K, capacity 21228K, committed 21296K, reserved 1067008K
  class space    used 2875K, capacity 3096K, committed 3120K, reserved 1048576K
Event: 4.236 GC heap after
Heap after GC invocations=6 (full 1):
 PSYoungGen      total 71680K, used 0K [0x00000007a0000000, 0x00000007a9a00000, 0x00000007c0000000)
  eden space 66560K, 0% used [0x00000007a0000000,0x00000007a0000000,0x00000007a4100000)
  from space 5120K, 0% used [0x00000007a4100000,0x00000007a4100000,0x00000007a4600000)
  to   space 12288K, 0% used [0x00000007a8e00000,0x00000007a8e00000,0x00000007a9a00000)
 ParOldGen       total 67072K, used 10958K [0x0000000760000000, 0x0000000764180000, 0x00000007a0000000)
  object space 67072K, 16% used [0x0000000760000000,0x0000000760ab3a00,0x0000000764180000)
 Metaspace       used 20482K, capacity 21228K, committed 21296K, reserved 1067008K
  class space    used 2875K, capacity 3096K, committed 3120K, reserved 1048576K
}
Event: 6.416 GC heap before
{Heap before GC invocations=7 (full 1):
 PSYoungGen      total 71680K, used 66560K [0x00000007a0000000, 0x00000007a9a00000, 0x00000007c0000000)
  eden space 66560K, 100% used [0x00000007a0000000,0x00000007a4100000,0x00000007a4100000)
  from space 5120K, 0% used [0x00000007a4100000,0x00000007a4100000,0x00000007a4600000)
  to   space 12288K, 0% used [0x00000007a8e00000,0x00000007a8e00000,0x00000007a9a00000)
 ParOldGen       total 67072K, used 10958K [0x0000000760000000, 0x0000000764180000, 0x00000007a0000000)
  object space 67072K, 16% used [0x0000000760000000,0x0000000760ab3a00,0x0000000764180000)
 Metaspace       used 28632K, capacity 29396K, committed 29488K, reserved 1075200K
  class space    used 3876K, capacity 4108K, committed 4144K, reserved 1048576K
Event: 6.442 GC heap after
Heap after GC invocations=7 (full 1):
 PSYoungGen      total 108032K, used 8205K [0x00000007a0000000, 0x00000007a9680000, 0x00000007c0000000)
  eden space 99328K, 0% used [0x00000007a0000000,0x00000007a0000000,0x00000007a6100000)
  from space 8704K, 94% used [0x00000007a8e00000,0x00000007a96036d8,0x00000007a9680000)
  to   space 12288K, 0% used [0x00000007a7e80000,0x00000007a7e80000,0x00000007a8a80000)
 ParOldGen       total 67072K, used 10966K [0x0000000760000000, 0x0000000764180000, 0x00000007a0000000)
  object space 67072K, 16% used [0x0000000760000000,0x0000000760ab5a00,0x0000000764180000)
 Metaspace       used 28632K, capacity 29396K, committed 29488K, reserved 1075200K
  class space    used 3876K, capacity 4108K, committed 4144K, reserved 1048576K
}

Deoptimization events (10 events):
Event: 5.036 Thread 0x00007fa51258c000 Uncommon trap: reason=class_check action=maybe_recompile pc=0x000000011b22446c method=sun.misc.URLClassPath.getResource(Ljava/lang/String;Z)Lsun/misc/Resource; @ 62
Event: 5.037 Thread 0x00007fa51258c000 Uncommon trap: reason=unstable_if action=reinterpret pc=0x000000011b32ffcc method=java.lang.String.regionMatches(ZILjava/lang/String;II)Z @ 41
Event: 5.042 Thread 0x00007fa51258c000 Uncommon trap: reason=unstable_if action=reinterpret pc=0x000000011b45cefc method=java.lang.ClassLoader.getClassLoadingLock(Ljava/lang/String;)Ljava/lang/Object; @ 6
Event: 5.126 Thread 0x00007fa51258c000 Uncommon trap: reason=bimorphic action=maybe_recompile pc=0x000000011b432708 method=java.io.BufferedInputStream.read([BII)I @ 101
Event: 5.126 Thread 0x00007fa51258c000 Uncommon trap: reason=bimorphic action=maybe_recompile pc=0x000000011b432708 method=java.io.BufferedInputStream.read([BII)I @ 101
Event: 5.128 Thread 0x00007fa51258c000 Uncommon trap: reason=bimorphic action=maybe_recompile pc=0x000000011b432708 method=java.io.BufferedInputStream.read([BII)I @ 101
Event: 5.129 Thread 0x00007fa51258c000 Uncommon trap: reason=bimorphic action=maybe_recompile pc=0x000000011b432708 method=java.io.BufferedInputStream.read([BII)I @ 101
Event: 6.444 Thread 0x00007fa512809000 Uncommon trap: reason=unstable_if action=reinterpret pc=0x000000011b38c580 method=java.lang.ref.Reference.tryHandlePending(Z)Z @ 104
Event: 7.481 Thread 0x00007fa51258c000 Uncommon trap: reason=unstable_if action=reinterpret pc=0x000000011b512abc method=jdk.internal.org.objectweb.asm.Type.getArgumentsAndReturnSizes(Ljava/lang/String;)I @ 88
Event: 8.684 Thread 0x00007fa51258c000 Uncommon trap: reason=unstable_if action=reinterpret pc=0x000000011b556e08 method=java.io.BufferedInputStream.read([BII)I @ 56

Classes redefined (0 events):
No events

Internal exceptions (10 events):
Event: 7.495 Thread 0x00007fa51258c000 Exception <a 'java/lang/NoSuchMethodError': java.lang.Object.lambda$comparing$ea9a8b3a$1(Ljava/util/Comparator;Ljava/util/function/Function;Ljava/lang/Object;Ljava/lang/Object;)I> (0x00000007a1ff6f08) thrown at [/Volumes/Android/buildbot/src/googleplex-an
Event: 7.818 Thread 0x00007fa51258c000 Exception <a 'java/lang/NoSuchMethodError': java.lang.Object.lambda$static$0(Lorg/gradle/api/internal/artifacts/ivyservice/resolveengine/artifact/ArtifactVisitor;)V> (0x00000007a25c3570) thrown at [/Volumes/Android/buildbot/src/googleplex-android/openjdk/
Event: 8.023 Thread 0x00007fa51258c000 Exception <a 'java/lang/ClassNotFoundException': sync_studio_tooling_5aryad2r2znusetfcmlokzixsBeanInfo> (0x00000007a2b35738) thrown at [/Volumes/Android/buildbot/src/googleplex-android/openjdk/out/hotspot/src/share/vm/classfile/systemDictionary.cpp, line 
Event: 8.024 Thread 0x00007fa51258c000 Exception <a 'java/lang/ClassNotFoundException': sync_studio_tooling_5aryad2r2znusetfcmlokzixsCustomizer> (0x00000007a2b44c28) thrown at [/Volumes/Android/buildbot/src/googleplex-android/openjdk/out/hotspot/src/share/vm/classfile/systemDictionary.cpp, lin
Event: 8.066 Thread 0x00007fa51258c000 Exception <a 'java/lang/ClassNotFoundException': org/gradle/invocation/DefaultGradle_DecoratedBeanInfo> (0x00000007a2c95b98) thrown at [/Volumes/Android/buildbot/src/googleplex-android/openjdk/out/hotspot/src/share/vm/classfile/systemDictionary.cpp, line 
Event: 8.068 Thread 0x00007fa51258c000 Exception <a 'java/lang/ClassNotFoundException': org/gradle/invocation/DefaultGradleBeanInfo> (0x00000007a2cbfdc0) thrown at [/Volumes/Android/buildbot/src/googleplex-android/openjdk/out/hotspot/src/share/vm/classfile/systemDictionary.cpp, line 210]
Event: 8.079 Thread 0x00007fa51258c000 Exception <a 'java/lang/ClassNotFoundException': org/gradle/api/internal/project/AbstractPluginAwareBeanInfo> (0x00000007a2cf2fc8) thrown at [/Volumes/Android/buildbot/src/googleplex-android/openjdk/out/hotspot/src/share/vm/classfile/systemDictionary.cpp,
Event: 8.082 Thread 0x00007fa51258c000 Exception <a 'java/lang/ClassNotFoundException': org/gradle/api/internal/project/AbstractPluginAwareCustomizer> (0x00000007a2d26dc0) thrown at [/Volumes/Android/buildbot/src/googleplex-android/openjdk/out/hotspot/src/share/vm/classfile/systemDictionary.cp
Event: 8.091 Thread 0x00007fa51258c000 Exception <a 'java/lang/ClassNotFoundException': org/gradle/invocation/DefaultGradleCustomizer> (0x00000007a2d5b778) thrown at [/Volumes/Android/buildbot/src/googleplex-android/openjdk/out/hotspot/src/share/vm/classfile/systemDictionary.cpp, line 210]
Event: 8.106 Thread 0x00007fa51258c000 Exception <a 'java/lang/ClassNotFoundException': org/gradle/invocation/DefaultGradle_DecoratedCustomizer> (0x00000007a2dd3118) thrown at [/Volumes/Android/buildbot/src/googleplex-android/openjdk/out/hotspot/src/share/vm/classfile/systemDictionary.cpp, lin

Events (10 events):
Event: 9.076 loading class org/codehaus/groovy/classgen/asm/BinaryBooleanExpressionHelper
Event: 9.076 loading class org/codehaus/groovy/classgen/asm/BinaryBooleanExpressionHelper done
Event: 9.077 loading class org/codehaus/groovy/classgen/asm/OperandStack
Event: 9.077 loading class org/codehaus/groovy/classgen/asm/OperandStack done
Event: 9.082 loading class org/codehaus/groovy/classgen/asm/AssertionWriter
Event: 9.082 loading class org/codehaus/groovy/classgen/asm/AssertionWriter done
Event: 9.084 loading class org/codehaus/groovy/runtime/powerassert/SourceTextNotAvailableException
Event: 9.084 loading class org/codehaus/groovy/runtime/powerassert/SourceTextNotAvailableException done
Event: 9.085 loading class org/codehaus/groovy/classgen/asm/ClosureWriter
Event: 9.085 loading class org/codehaus/groovy/classgen/asm/ClosureWriter done


Dynamic libraries:
0x00007fff2e883000 	/System/Library/Frameworks/Cocoa.framework/Versions/A/Cocoa
0x00007fff3c06b000 	/System/Library/Frameworks/Security.framework/Versions/A/Security
0x00007fff2d7ea000 	/System/Library/Frameworks/ApplicationServices.framework/Versions/A/ApplicationServices
0x00007fff68cc3000 	/usr/lib/libz.1.dylib
0x00007fff66787000 	/usr/lib/libSystem.B.dylib
0x00007fff2f723000 	/System/Library/Frameworks/CoreFoundation.framework/Versions/A/CoreFoundation
0x00007fff31ddd000 	/System/Library/Frameworks/Foundation.framework/Versions/C/Foundation
0x00007fff685e7000 	/usr/lib/libobjc.A.dylib
0x00007fff2c9da000 	/System/Library/Frameworks/AppKit.framework/Versions/C/AppKit
0x00007fff2f207000 	/System/Library/Frameworks/CoreData.framework/Versions/A/CoreData
0x00007fff607a2000 	/System/Library/PrivateFrameworks/UIFoundation.framework/Versions/A/UIFoundation
0x00007fff5b846000 	/System/Library/PrivateFrameworks/RemoteViewServices.framework/Versions/A/RemoteViewServices
0x00007fff632f7000 	/System/Library/PrivateFrameworks/XCTTargetBootstrap.framework/Versions/A/XCTTargetBootstrap
0x00007fff2f5f2000 	/System/Library/Frameworks/CoreDisplay.framework/Versions/A/CoreDisplay
0x00007fff34c98000 	/System/Library/Frameworks/Metal.framework/Versions/A/Metal
0x00007fff49852000 	/System/Library/PrivateFrameworks/DesktopServicesPriv.framework/Versions/A/DesktopServicesPriv
0x00007fff678c2000 	/usr/lib/liblangid.dylib
0x00007fff48aea000 	/System/Library/PrivateFrameworks/CoreSVG.framework/Versions/A/CoreSVG
0x00007fff5e99f000 	/System/Library/PrivateFrameworks/SkyLight.framework/Versions/A/SkyLight
0x00007fff2fba4000 	/System/Library/Frameworks/CoreGraphics.framework/Versions/A/CoreGraphics
0x00007fff2b3ae000 	/System/Library/Frameworks/Accelerate.framework/Versions/A/Accelerate
0x00007fff68bb4000 	/usr/lib/libxml2.2.dylib
0x00007fff547df000 	/System/Library/PrivateFrameworks/IconServices.framework/Versions/A/IconServices
0x00007fff325bc000 	/System/Library/Frameworks/IOSurface.framework/Versions/A/IOSurface
0x00007fff662b1000 	/usr/lib/libDiagnosticMessagesClient.dylib
0x00007fff496ac000 	/System/Library/PrivateFrameworks/DFRFoundation.framework/Versions/A/DFRFoundation
0x00007fff67651000 	/usr/lib/libicucore.A.dylib
0x00007fff2db1c000 	/System/Library/Frameworks/AudioToolbox.framework/Versions/A/AudioToolbox
0x00007fff2dbff000 	/System/Library/Frameworks/AudioUnit.framework/Versions/A/AudioUnit
0x00007fff66989000 	/usr/lib/libauto.dylib
0x00007fff4974e000 	/System/Library/PrivateFrameworks/DataDetectorsCore.framework/Versions/A/DataDetectorsCore
0x00007fff2e3a4000 	/System/Library/Frameworks/Carbon.framework/Versions/A/Frameworks/HIToolbox.framework/Versions/A/HIToolbox
0x00007fff3b268000 	/System/Library/Frameworks/QuartzCore.framework/Versions/A/QuartzCore
0x00007fff2e6e3000 	/System/Library/Frameworks/Carbon.framework/Versions/A/Frameworks/SpeechRecognition.framework/Versions/A/SpeechRecognition
0x00007fff491c3000 	/System/Library/PrivateFrameworks/CoreUI.framework/Versions/A/CoreUI
0x00007fff2ec72000 	/System/Library/Frameworks/CoreAudio.framework/Versions/A/CoreAudio
0x00007fff31a9e000 	/System/Library/Frameworks/DiskArbitration.framework/Versions/A/DiskArbitration
0x00007fff5682d000 	/System/Library/PrivateFrameworks/MultitouchSupport.framework/Versions/A/MultitouchSupport
0x00007fff67518000 	/usr/lib/libenergytrace.dylib
0x00007fff32516000 	/System/Library/Frameworks/IOKit.framework/Versions/A/IOKit
0x00007fff30b0a000 	/System/Library/Frameworks/CoreServices.framework/Versions/A/CoreServices
0x00007fff589dc000 	/System/Library/PrivateFrameworks/PerformanceAnalysis.framework/Versions/A/PerformanceAnalysis
0x00007fff3a29b000 	/System/Library/Frameworks/OpenGL.framework/Versions/A/OpenGL
0x00007fff2e891000 	/System/Library/Frameworks/ColorSync.framework/Versions/A/ColorSync
0x00007fff30226000 	/System/Library/Frameworks/CoreImage.framework/Versions/A/CoreImage
0x00007fff3157d000 	/System/Library/Frameworks/CoreText.framework/Versions/A/CoreText
0x00007fff3264c000 	/System/Library/Frameworks/ImageIO.framework/Versions/A/ImageIO
0x00007fff66a6d000 	/usr/lib/libc++.1.dylib
0x00007fff66ae9000 	/usr/lib/libcompression.dylib
0x00007fff665f5000 	/usr/lib/libMobileGestalt.dylib
0x00007fff60517000 	/System/Library/PrivateFrameworks/TextureIO.framework/Versions/A/TextureIO
0x00007fff668ec000 	/usr/lib/libate.dylib
0x00007fff549e8000 	/System/Library/PrivateFrameworks/InternationalSupport.framework/Versions/A/InternationalSupport
0x00007fff69583000 	/usr/lib/system/libcache.dylib
0x00007fff69589000 	/usr/lib/system/libcommonCrypto.dylib
0x00007fff69595000 	/usr/lib/system/libcompiler_rt.dylib
0x00007fff6959d000 	/usr/lib/system/libcopyfile.dylib
0x00007fff695a7000 	/usr/lib/system/libcorecrypto.dylib
0x00007fff69746000 	/usr/lib/system/libdispatch.dylib
0x00007fff69787000 	/usr/lib/system/libdyld.dylib
0x00007fff697be000 	/usr/lib/system/libkeymgr.dylib
0x00007fff697cc000 	/usr/lib/system/liblaunch.dylib
0x00007fff697cd000 	/usr/lib/system/libmacho.dylib
0x00007fff697d3000 	/usr/lib/system/libquarantine.dylib
0x00007fff697d6000 	/usr/lib/system/libremovefile.dylib
0x00007fff697d8000 	/usr/lib/system/libsystem_asl.dylib
0x00007fff697f0000 	/usr/lib/system/libsystem_blocks.dylib
0x00007fff697f1000 	/usr/lib/system/libsystem_c.dylib
0x00007fff69879000 	/usr/lib/system/libsystem_configuration.dylib
0x00007fff6987d000 	/usr/lib/system/libsystem_coreservices.dylib
0x00007fff69881000 	/usr/lib/system/libsystem_darwin.dylib
0x00007fff6988a000 	/usr/lib/system/libsystem_dnssd.dylib
0x00007fff69892000 	/usr/lib/system/libsystem_featureflags.dylib
0x00007fff69894000 	/usr/lib/system/libsystem_info.dylib
0x00007fff6990f000 	/usr/lib/system/libsystem_m.dylib
0x00007fff69957000 	/usr/lib/system/libsystem_malloc.dylib
0x00007fff6997f000 	/usr/lib/system/libsystem_networkextension.dylib
0x00007fff6998d000 	/usr/lib/system/libsystem_notify.dylib
0x00007fff699ab000 	/usr/lib/system/libsystem_sandbox.dylib
0x00007fff699b0000 	/usr/lib/system/libsystem_secinit.dylib
0x00007fff698e2000 	/usr/lib/system/libsystem_kernel.dylib
0x00007fff69997000 	/usr/lib/system/libsystem_platform.dylib
0x00007fff699a0000 	/usr/lib/system/libsystem_pthread.dylib
0x00007fff699b3000 	/usr/lib/system/libsystem_symptoms.dylib
0x00007fff699bb000 	/usr/lib/system/libsystem_trace.dylib
0x00007fff699d3000 	/usr/lib/system/libunwind.dylib
0x00007fff699d9000 	/usr/lib/system/libxpc.dylib
0x00007fff66ac0000 	/usr/lib/libc++abi.dylib
0x00007fff678c4000 	/usr/lib/liblzma.5.dylib
0x00007fff6753f000 	/usr/lib/libfakelink.dylib
0x00007fff66879000 	/usr/lib/libarchive.2.dylib
0x00007fff3d11c000 	/System/Library/Frameworks/SystemConfiguration.framework/Versions/A/SystemConfiguration
0x00007fff661e4000 	/usr/lib/libCRFSuite.dylib
0x00007fff2df95000 	/System/Library/Frameworks/CFNetwork.framework/Versions/A/CFNetwork
0x00007fff66a4f000 	/usr/lib/libbsm.0.dylib
0x00007fff697bf000 	/usr/lib/system/libkxld.dylib
0x00007fff43038000 	/System/Library/PrivateFrameworks/AppleFSCompression.framework/Versions/A/AppleFSCompression
0x00007fff66dda000 	/usr/lib/libcoretls.dylib
0x00007fff66df1000 	/usr/lib/libcoretls_cfhelpers.dylib
0x00007fff6862d000 	/usr/lib/libpam.2.dylib
0x00007fff68762000 	/usr/lib/libsqlite3.dylib
0x00007fff68ba1000 	/usr/lib/libxar.1.dylib
0x00007fff66a60000 	/usr/lib/libbz2.1.0.dylib
0x00007fff67560000 	/usr/lib/libiconv.2.dylib
0x00007fff66ad6000 	/usr/lib/libcharset.1.dylib
0x00007fff680ca000 	/usr/lib/libnetwork.dylib
0x00007fff68634000 	/usr/lib/libpcap.A.dylib
0x00007fff6682e000 	/usr/lib/libapple_nghttp2.dylib
0x00007fff30ec1000 	/System/Library/Frameworks/CoreServices.framework/Versions/A/Frameworks/FSEvents.framework/Versions/A/FSEvents
0x00007fff30b91000 	/System/Library/Frameworks/CoreServices.framework/Versions/A/Frameworks/CarbonCore.framework/Versions/A/CarbonCore
0x00007fff31105000 	/System/Library/Frameworks/CoreServices.framework/Versions/A/Frameworks/Metadata.framework/Versions/A/Metadata
0x00007fff3119e000 	/System/Library/Frameworks/CoreServices.framework/Versions/A/Frameworks/OSServices.framework/Versions/A/OSServices
0x00007fff311cc000 	/System/Library/Frameworks/CoreServices.framework/Versions/A/Frameworks/SearchKit.framework/Versions/A/SearchKit
0x00007fff30b0b000 	/System/Library/Frameworks/CoreServices.framework/Versions/A/Frameworks/AE.framework/Versions/A/AE
0x00007fff30eca000 	/System/Library/Frameworks/CoreServices.framework/Versions/A/Frameworks/LaunchServices.framework/Versions/A/LaunchServices
0x00007fff30e73000 	/System/Library/Frameworks/CoreServices.framework/Versions/A/Frameworks/DictionaryServices.framework/Versions/A/DictionaryServices
0x00007fff31234000 	/System/Library/Frameworks/CoreServices.framework/Versions/A/Frameworks/SharedFileList.framework/Versions/A/SharedFileList
0x00007fff360bb000 	/System/Library/Frameworks/NetFS.framework/Versions/A/NetFS
0x00007fff56d5d000 	/System/Library/PrivateFrameworks/NetAuth.framework/Versions/A/NetAuth
0x00007fff636c4000 	/System/Library/PrivateFrameworks/login.framework/Versions/A/Frameworks/loginsupport.framework/Versions/A/loginsupport
0x00007fff5ffe2000 	/System/Library/PrivateFrameworks/TCC.framework/Versions/A/TCC
0x00007fff47c5d000 	/System/Library/PrivateFrameworks/CoreNLP.framework/Versions/A/CoreNLP
0x00007fff5625a000 	/System/Library/PrivateFrameworks/MetadataUtilities.framework/Versions/A/MetadataUtilities
0x00007fff6799c000 	/usr/lib/libmecabra.dylib
0x00007fff678f4000 	/usr/lib/libmecab.dylib
0x00007fff67550000 	/usr/lib/libgermantok.dylib
0x00007fff66815000 	/usr/lib/libThaiTokenizer.dylib
0x00007fff6621b000 	/usr/lib/libChineseTokenizer.dylib
0x00007fff2b3c6000 	/System/Library/Frameworks/Accelerate.framework/Versions/A/Frameworks/vImage.framework/Versions/A/vImage
0x00007fff2c830000 	/System/Library/Frameworks/Accelerate.framework/Versions/A/Frameworks/vecLib.framework/Versions/A/vecLib
0x00007fff2c76d000 	/System/Library/Frameworks/Accelerate.framework/Versions/A/Frameworks/vecLib.framework/Versions/A/libvMisc.dylib
0x00007fff2c595000 	/System/Library/Frameworks/Accelerate.framework/Versions/A/Frameworks/vecLib.framework/Versions/A/libvDSP.dylib
0x00007fff2ba1d000 	/System/Library/Frameworks/Accelerate.framework/Versions/A/Frameworks/vecLib.framework/Versions/A/libBLAS.dylib
0x00007fff2c159000 	/System/Library/Frameworks/Accelerate.framework/Versions/A/Frameworks/vecLib.framework/Versions/A/libLAPACK.dylib
0x00007fff2c4f5000 	/System/Library/Frameworks/Accelerate.framework/Versions/A/Frameworks/vecLib.framework/Versions/A/libLinearAlgebra.dylib
0x00007fff2c582000 	/System/Library/Frameworks/Accelerate.framework/Versions/A/Frameworks/vecLib.framework/Versions/A/libSparseBLAS.dylib
0x00007fff2c50b000 	/System/Library/Frameworks/Accelerate.framework/Versions/A/Frameworks/vecLib.framework/Versions/A/libQuadrature.dylib
0x00007fff2bc85000 	/System/Library/Frameworks/Accelerate.framework/Versions/A/Frameworks/vecLib.framework/Versions/A/libBNNS.dylib
0x00007fff2c511000 	/System/Library/Frameworks/Accelerate.framework/Versions/A/Frameworks/vecLib.framework/Versions/A/libSparse.dylib
0x00007fff54dd0000 	/System/Library/PrivateFrameworks/LanguageModeling.framework/Versions/A/LanguageModeling
0x00007fff4760d000 	/System/Library/PrivateFrameworks/CoreEmoji.framework/Versions/A/CoreEmoji
0x00007fff54eee000 	/System/Library/PrivateFrameworks/LinguisticData.framework/Versions/A/LinguisticData
0x00007fff54e9f000 	/System/Library/PrivateFrameworks/Lexicon.framework/Versions/A/Lexicon
0x00007fff66ad7000 	/usr/lib/libcmph.dylib
0x00007fff38ca9000 	/System/Library/Frameworks/OpenDirectory.framework/Versions/A/Frameworks/CFOpenDirectory.framework/Versions/A/CFOpenDirectory
0x00007fff38cc6000 	/System/Library/Frameworks/OpenDirectory.framework/Versions/A/OpenDirectory
0x00007fff410eb000 	/System/Library/PrivateFrameworks/APFS.framework/Versions/A/APFS
0x00007fff3c3b5000 	/System/Library/Frameworks/SecurityFoundation.framework/Versions/A/SecurityFoundation
0x00007fff68b9d000 	/usr/lib/libutil.dylib
0x00007fff48b42000 	/System/Library/PrivateFrameworks/CoreServicesStore.framework/Versions/A/CoreServicesStore
0x00007fff3c46c000 	/System/Library/Frameworks/ServiceManagement.framework/Versions/A/ServiceManagement
0x00007fff44807000 	/System/Library/PrivateFrameworks/BackgroundTaskManagement.framework/Versions/A/BackgroundTaskManagement
0x00007fff68c9a000 	/usr/lib/libxslt.1.dylib
0x00007fff436ab000 	/System/Library/PrivateFrameworks/AppleSystemInfo.framework/Versions/A/AppleSystemInfo
0x00007fff32867000 	/System/Library/Frameworks/ImageIO.framework/Versions/A/Resources/libJPEG.dylib
0x00007fff32b23000 	/System/Library/Frameworks/ImageIO.framework/Versions/A/Resources/libTIFF.dylib
0x00007fff32b06000 	/System/Library/Frameworks/ImageIO.framework/Versions/A/Resources/libPng.dylib
0x00007fff327a9000 	/System/Library/Frameworks/ImageIO.framework/Versions/A/Resources/libGIF.dylib
0x00007fff327ad000 	/System/Library/Frameworks/ImageIO.framework/Versions/A/Resources/libJP2.dylib
0x00007fff32b21000 	/System/Library/Frameworks/ImageIO.framework/Versions/A/Resources/libRadiance.dylib
0x00007fff67519000 	/usr/lib/libexpat.1.dylib
0x00007fff43193000 	/System/Library/PrivateFrameworks/AppleJPEG.framework/Versions/A/AppleJPEG
0x00007fff4be41000 	/System/Library/PrivateFrameworks/FontServices.framework/libFontParser.dylib
0x00007fff626c9000 	/System/Library/PrivateFrameworks/WatchdogClient.framework/Versions/A/WatchdogClient
0x00007fff5442b000 	/System/Library/PrivateFrameworks/IOAccelerator.framework/Versions/A/IOAccelerator
0x00007fff35033000 	/System/Library/Frameworks/MetalPerformanceShaders.framework/Versions/A/MetalPerformanceShaders
0x00007fff50bc2000 	/System/Library/PrivateFrameworks/GPUWrangler.framework/Versions/A/GPUWrangler
0x00007fff54440000 	/System/Library/PrivateFrameworks/IOPresentment.framework/Versions/A/IOPresentment
0x00007fff496bf000 	/System/Library/PrivateFrameworks/DSExternalDisplay.framework/Versions/A/DSExternalDisplay
0x00007fff3963a000 	/System/Library/Frameworks/OpenGL.framework/Versions/A/Libraries/libCoreFSCache.dylib
0x00007fff34d7f000 	/System/Library/Frameworks/MetalPerformanceShaders.framework/Frameworks/MPSCore.framework/Versions/A/MPSCore
0x00007fff34dbd000 	/System/Library/Frameworks/MetalPerformanceShaders.framework/Frameworks/MPSImage.framework/Versions/A/MPSImage
0x00007fff34e84000 	/System/Library/Frameworks/MetalPerformanceShaders.framework/Frameworks/MPSNeuralNetwork.framework/Versions/A/MPSNeuralNetwork
0x00007fff34e48000 	/System/Library/Frameworks/MetalPerformanceShaders.framework/Frameworks/MPSMatrix.framework/Versions/A/MPSMatrix
0x00007fff34fe3000 	/System/Library/Frameworks/MetalPerformanceShaders.framework/Frameworks/MPSRayIntersector.framework/Versions/A/MPSRayIntersector
0x00007fff34e6e000 	/System/Library/Frameworks/MetalPerformanceShaders.framework/Frameworks/MPSNDArray.framework/Versions/A/MPSNDArray
0x00007fff562a7000 	/System/Library/PrivateFrameworks/MetalTools.framework/Versions/A/MetalTools
0x00007fff422c0000 	/System/Library/PrivateFrameworks/AggregateDictionary.framework/Versions/A/AggregateDictionary
0x00007fff47057000 	/System/Library/PrivateFrameworks/CoreAnalytics.framework/Versions/A/CoreAnalytics
0x00007fff435ca000 	/System/Library/PrivateFrameworks/AppleSauce.framework/Versions/A/AppleSauce
0x00007fff664d7000 	/usr/lib/libIOReport.dylib
0x00007fff31735000 	/System/Library/Frameworks/CoreVideo.framework/Versions/A/CoreVideo
0x00007fff5203c000 	/System/Library/PrivateFrameworks/GraphVisualizer.framework/Versions/A/GraphVisualizer
0x00007fff4b388000 	/System/Library/PrivateFrameworks/FaceCore.framework/Versions/A/FaceCore
0x00007fff38c50000 	/System/Library/Frameworks/OpenCL.framework/Versions/A/OpenCL
0x00007fff662f9000 	/usr/lib/libFosl_dynamic.dylib
0x00007fff5777d000 	/System/Library/PrivateFrameworks/OTSVG.framework/Versions/A/OTSVG
0x00007fff2d8ef000 	/System/Library/Frameworks/ApplicationServices.framework/Versions/A/Frameworks/ATS.framework/Versions/A/Resources/libFontRegistry.dylib
0x00007fff4c013000 	/System/Library/PrivateFrameworks/FontServices.framework/libhvf.dylib
0x00007fff39645000 	/System/Library/Frameworks/OpenGL.framework/Versions/A/Libraries/libGFXShared.dylib
0x00007fff39823000 	/System/Library/Frameworks/OpenGL.framework/Versions/A/Libraries/libGLU.dylib
0x00007fff3964e000 	/System/Library/Frameworks/OpenGL.framework/Versions/A/Libraries/libGL.dylib
0x00007fff39659000 	/System/Library/Frameworks/OpenGL.framework/Versions/A/Libraries/libGLImage.dylib
0x00007fff39637000 	/System/Library/Frameworks/OpenGL.framework/Versions/A/Libraries/libCVMSPluginSupport.dylib
0x00007fff39640000 	/System/Library/Frameworks/OpenGL.framework/Versions/A/Libraries/libCoreVMClient.dylib
0x00007fff67f6b000 	/usr/lib/libncurses.5.4.dylib
0x00007fff2d7eb000 	/System/Library/Frameworks/ApplicationServices.framework/Versions/A/Frameworks/ATS.framework/Versions/A/ATS
0x00007fff2d9b8000 	/System/Library/Frameworks/ApplicationServices.framework/Versions/A/Frameworks/ColorSyncLegacy.framework/Versions/A/ColorSyncLegacy
0x00007fff2da56000 	/System/Library/Frameworks/ApplicationServices.framework/Versions/A/Frameworks/HIServices.framework/Versions/A/HIServices
0x00007fff2daae000 	/System/Library/Frameworks/ApplicationServices.framework/Versions/A/Frameworks/LangAnalysis.framework/Versions/A/LangAnalysis
0x00007fff2dabd000 	/System/Library/Frameworks/ApplicationServices.framework/Versions/A/Frameworks/PrintCore.framework/Versions/A/PrintCore
0x00007fff2db03000 	/System/Library/Frameworks/ApplicationServices.framework/Versions/A/Frameworks/QD.framework/Versions/A/QD
0x00007fff2db0e000 	/System/Library/Frameworks/ApplicationServices.framework/Versions/A/Frameworks/SpeechSynthesis.framework/Versions/A/SpeechSynthesis
0x00007fff2d988000 	/System/Library/Frameworks/ApplicationServices.framework/Versions/A/Frameworks/ATSUI.framework/Versions/A/ATSUI
0x00007fff673af000 	/usr/lib/libcups.2.dylib
0x00007fff340ce000 	/System/Library/Frameworks/Kerberos.framework/Versions/A/Kerberos
0x00007fff3220f000 	/System/Library/Frameworks/GSS.framework/Versions/A/GSS
0x00007fff686ee000 	/usr/lib/libresolv.9.dylib
0x00007fff521e9000 	/System/Library/PrivateFrameworks/Heimdal.framework/Versions/A/Heimdal
0x00007fff340e1000 	/System/Library/Frameworks/Kerberos.framework/Versions/A/Libraries/libHeimdalProxy.dylib
0x00007fff67556000 	/usr/lib/libheimdal-asn1.dylib
0x00007fff464f2000 	/System/Library/PrivateFrameworks/CommonAuth.framework/Versions/A/CommonAuth
0x00007fff43748000 	/System/Library/PrivateFrameworks/AssertionServices.framework/Versions/A/AssertionServices
0x00007fff442ea000 	/System/Library/PrivateFrameworks/AudioToolboxCore.framework/Versions/A/AudioToolboxCore
0x00007fff63374000 	/System/Library/PrivateFrameworks/caulk.framework/Versions/A/caulk
0x00007fff448b3000 	/System/Library/PrivateFrameworks/BaseBoard.framework/Versions/A/BaseBoard
0x00007fff5b9d4000 	/System/Library/PrivateFrameworks/RunningBoardServices.framework/Versions/A/RunningBoardServices
0x00007fff589e8000 	/System/Library/PrivateFrameworks/PersistentConnection.framework/Versions/A/PersistentConnection
0x00007fff5b3ce000 	/System/Library/PrivateFrameworks/ProtocolBuffer.framework/Versions/A/ProtocolBuffer
0x00007fff46516000 	/System/Library/PrivateFrameworks/CommonUtilities.framework/Versions/A/CommonUtilities
0x00007fff44a41000 	/System/Library/PrivateFrameworks/Bom.framework/Versions/A/Bom
0x00007fff661aa000 	/usr/lib/libAudioToolboxUtility.dylib
0x00007fff44811000 	/System/Library/PrivateFrameworks/Backup.framework/Versions/A/Backup
0x00007fff495e0000 	/System/Library/PrivateFrameworks/CrashReporterSupport.framework/Versions/A/CrashReporterSupport
0x00007fff5d465000 	/System/Library/PrivateFrameworks/Sharing.framework/Versions/A/Sharing
0x00007fff42d56000 	/System/Library/PrivateFrameworks/Apple80211.framework/Versions/A/Apple80211
0x00007fff4452e000 	/System/Library/PrivateFrameworks/AuthKit.framework/Versions/A/AuthKit
0x00007fff492f0000 	/System/Library/PrivateFrameworks/CoreUtils.framework/Versions/A/CoreUtils
0x00007fff3177a000 	/System/Library/Frameworks/CoreWLAN.framework/Versions/A/CoreWLAN
0x00007fff3239c000 	/System/Library/Frameworks/IOBluetooth.framework/Versions/A/IOBluetooth
0x00007fff565ac000 	/System/Library/PrivateFrameworks/MobileKeyBag.framework/Versions/A/MobileKeyBag
0x00007fff480f5000 	/System/Library/PrivateFrameworks/CorePhoneNumbers.framework/Versions/A/CorePhoneNumbers
0x00007fff43146000 	/System/Library/PrivateFrameworks/AppleIDAuthSupport.framework/Versions/A/AppleIDAuthSupport
0x00007fff360c8000 	/System/Library/Frameworks/Network.framework/Versions/A/Network
0x00007fff54c7c000 	/System/Library/PrivateFrameworks/KeychainCircle.framework/Versions/A/KeychainCircle
0x00007fff2f1ce000 	/System/Library/Frameworks/CoreBluetooth.framework/Versions/A/CoreBluetooth
0x00007fff5f4e2000 	/System/Library/PrivateFrameworks/SpeechRecognitionCore.framework/Versions/A/SpeechRecognitionCore
0x000000010c400000 	/Applications/Android Studio.app/Contents/jre/jdk/Contents/Home/jre/lib/server/libjvm.dylib
0x00007fff68a70000 	/usr/lib/libstdc++.6.dylib
0x000000010b314000 	/Applications/Android Studio.app/Contents/jre/jdk/Contents/Home/jre/lib/libverify.dylib
0x000000010b326000 	/Applications/Android Studio.app/Contents/jre/jdk/Contents/Home/jre/lib/libjava.dylib
0x000000010b3ba000 	/Applications/Android Studio.app/Contents/jre/jdk/Contents/Home/jre/lib/libzip.dylib
0x0000000113399000 	/Applications/Android Studio.app/Contents/jre/jdk/Contents/Home/jre/lib/libnio.dylib
0x00000001133b4000 	/Applications/Android Studio.app/Contents/jre/jdk/Contents/Home/jre/lib/libnet.dylib
0x0000000113902000 	/Users/romaincrispini/.gradle/native/31/osx-amd64/libnative-platform.dylib
0x0000000113c31000 	/Applications/Android Studio.app/Contents/jre/jdk/Contents/Home/jre/lib/libmanagement.dylib

VM Arguments:
jvm_args: -Xmx1536m -Dfile.encoding=UTF-8 -Duser.country=CA -Duser.language=fr -Duser.variant 
java_command: org.gradle.launcher.daemon.bootstrap.GradleDaemon 6.1.1
java_class_path (initial): /Users/romaincrispini/.gradle/wrapper/dists/gradle-6.1.1-all/cfmwm155h49vnt3hynmlrsdst/gradle-6.1.1/lib/gradle-launcher-6.1.1.jar
Launcher Type: SUN_STANDARD

Environment Variables:
PATH=/usr/local/bin:/usr/bin:/bin:/usr/sbin:/sbin:/Library/Apple/usr/bin
SHELL=/bin/zsh

Signal Handlers:
SIGSEGV: [libjvm.dylib+0x565c43], sa_mask[0]=11111111011111110111111111111111, sa_flags=SA_ONSTACK|SA_RESTART|SA_SIGINFO
SIGBUS: [libjvm.dylib+0x565c43], sa_mask[0]=11111111011111110111111111111111, sa_flags=SA_RESTART|SA_SIGINFO
SIGFPE: [libjvm.dylib+0x45dd9d], sa_mask[0]=11111111011111110111111111111111, sa_flags=SA_RESTART|SA_SIGINFO
SIGPIPE: [libjvm.dylib+0x45dd9d], sa_mask[0]=11111111011111110111111111111111, sa_flags=SA_RESTART|SA_SIGINFO
SIGXFSZ: [libjvm.dylib+0x45dd9d], sa_mask[0]=11111111011111110111111111111111, sa_flags=SA_RESTART|SA_SIGINFO
SIGILL: [libjvm.dylib+0x45dd9d], sa_mask[0]=11111111011111110111111111111111, sa_flags=SA_RESTART|SA_SIGINFO
SIGUSR1: SIG_DFL, sa_mask[0]=00000000000000000000000000000000, sa_flags=none
SIGUSR2: [libjvm.dylib+0x45e69c], sa_mask[0]=00100000000000000000000000000000, sa_flags=SA_RESTART|SA_SIGINFO
SIGHUP: [libjvm.dylib+0x45c8c1], sa_mask[0]=11111111011111110111111111111111, sa_flags=SA_RESTART|SA_SIGINFO
SIGINT: [libjvm.dylib+0x45c8c1], sa_mask[0]=11111111011111110111111111111111, sa_flags=SA_RESTART|SA_SIGINFO
SIGTERM: [libjvm.dylib+0x45c8c1], sa_mask[0]=11111111011111110111111111111111, sa_flags=SA_RESTART|SA_SIGINFO
SIGQUIT: [libjvm.dylib+0x45c8c1], sa_mask[0]=11111111011111110111111111111111, sa_flags=SA_RESTART|SA_SIGINFO


---------------  S Y S T E M  ---------------

OS:Bsduname:Darwin 19.5.0 Darwin Kernel Version 19.5.0: Tue May 26 20:41:44 PDT 2020; root:xnu-6153.121.2~2/RELEASE_X86_64 x86_64
rlimit: STACK 8192k, CORE 0k, NPROC 1392, NOFILE 10240, AS infinity
load average:3.04 4.01 3.56

CPU:total 8 (initial active 8) (4 cores per cpu, 2 threads per core) family 6 model 126 stepping 5, cmov, cx8, fxsr, mmx, sse, sse2, sse3, ssse3, sse4.1, sse4.2, popcnt, avx, avx2, aes, clmul, erms, 3dnowpref, lzcnt, ht, tsc, tscinvbit, bmi1, bmi2, adx

Memory: 4k page, physical 8388608k(1507144k free)

/proc/meminfo:


vm_info: OpenJDK 64-Bit Server VM (25.242-b3-6222593) for bsd-amd64 JRE (1.8.0_242-release-1644-b3-6222593), built by "android-build" with gcc 4.2.1 Compatible Android (5484270 based on r353983c) Clang 9.0.3 (https://android.googlesource.com/toolchain/clang 745b335211bb9eadfa6aa6301f84715cee4b37c5) (https://android.googlesource.com/toolchain/llvm 60cf23e54e46c807513f7a36d0a7b777920b5881)

time: Tue Jun  9 19:39:03 2020
timezone: CEST
elapsed time: 9 seconds (0d 0h 0m 9s)

